<?xml version="1.0" encoding="UTF-8"?>
<testsuite name="test.java.AlgoTest" tests="13" skipped="0" failures="0" errors="0" timestamp="2018-10-22T06:28:43" hostname="pradeeps-mbp.3500.dhcp.asu.edu" time="0.01">
  <properties/>
  <testcase name="testBubbleSortResultsWithSelectionSort" classname="test.java.AlgoTest" time="0.003"/>
  <testcase name="selectionSortShouldThrowsNullPointerExceptionIfInputIsNull" classname="test.java.AlgoTest" time="0.0"/>
  <testcase name="quickSortShouldThrowsNullPointerExceptionIfInputIsNull" classname="test.java.AlgoTest" time="0.001"/>
  <testcase name="bubbleSortShouldThrowsNullPointerExceptionIfInputIsNull" classname="test.java.AlgoTest" time="0.0"/>
  <testcase name="testBubbleSortResultWithJDKSortImplementation" classname="test.java.AlgoTest" time="0.001"/>
  <testcase name="insertionSortShouldThrowsNullPointerExceptionIfInputIsNull" classname="test.java.AlgoTest" time="0.0"/>
  <testcase name="selectionSortShouldThrowsNullPointerExceptionIfInputIsNull11" classname="test.java.AlgoTest" time="0.0"/>
  <testcase name="testBubbleSortResultsWithQuickSort" classname="test.java.AlgoTest" time="0.001"/>
  <testcase name="testBubbleSortResultsWithMergeSort" classname="test.java.AlgoTest" time="0.001"/>
  <testcase name="testBubbleSortResultsWithInsertionSort" classname="test.java.AlgoTest" time="0.001"/>
  <testcase name="mergenSortShouldThrowsNullPointerExceptionIfInputIsNull" classname="test.java.AlgoTest" time="0.0"/>
  <testcase name="heapSortShouldThrowsNullPointerExceptionIfInputIsNull" classname="test.java.AlgoTest" time="0.0"/>
  <testcase name="testBubbleSortResultsWithHeapSort" classname="test.java.AlgoTest" time="0.001"/>
  <system-out><![CDATA[]]></system-out>
  <system-err><![CDATA[]]></system-err>
</testsuite>
